c:\src\turndown\turndown\bin\debug\intermediates\vc141.pdb
c:\src\turndown\turndown\bin\debug\intermediates\vc141.idb
c:\src\turndown\turndown\bin\debug\intermediates\main.obj
c:\src\turndown\turndown\bin\debug\intermediates\shader.obj
c:\src\turndown\turndown\bin\debug\intermediates\window.obj
c:\src\turndown\turndown\bin\debug\intermediates\matrix4.obj
c:\src\turndown\turndown\bin\debug\intermediates\vector2.obj
c:\src\turndown\turndown\bin\debug\intermediates\vector3.obj
c:\src\turndown\turndown\bin\debug\intermediates\vector4.obj
c:\src\turndown\turndown\bin\debug\intermediates\buffer.obj
c:\src\turndown\turndown\bin\debug\intermediates\indexbuffer.obj
c:\src\turndown\turndown\bin\debug\intermediates\vertexarray.obj
c:\src\turndown\turndown\bin\debug\intermediates\simple2drenderer.obj
c:\src\turndown\turndown\bin\debug\intermediates\batchrenderer2d.obj
c:\src\turndown\turndown\bin\debug\intermediates\sprite.obj
c:\src\turndown\turndown\bin\debug\intermediates\staticsprite.obj
c:\src\turndown\turndown\bin\debug\intermediates\layer.obj
c:\src\turndown\turndown\bin\debug\intermediates\tilelayer.obj
c:\src\turndown\turndown\bin\debug\turndown.core.exe
c:\src\turndown\turndown\bin\debug\turndown.core.ilk
c:\src\turndown\turndown\bin\debug\turndown.core.pdb
c:\src\turndown\turndown\bin\debug\intermediates\turndown.core.tlog\cl.command.1.tlog
c:\src\turndown\turndown\bin\debug\intermediates\turndown.core.tlog\cl.read.1.tlog
c:\src\turndown\turndown\bin\debug\intermediates\turndown.core.tlog\cl.write.1.tlog
c:\src\turndown\turndown\bin\debug\intermediates\turndown.core.tlog\link.command.1.tlog
c:\src\turndown\turndown\bin\debug\intermediates\turndown.core.tlog\link.read.1.tlog
c:\src\turndown\turndown\bin\debug\intermediates\turndown.core.tlog\link.write.1.tlog
